{"message":"failed to resolve: could not find `select` in `tokio`","code":{"code":"E0433","explanation":"An undeclared crate, module, or type was used.\n\nErroneous code example:\n\n```compile_fail,E0433\nlet map = HashMap::new();\n// error: failed to resolve: use of undeclared type `HashMap`\n```\n\nPlease verify you didn't misspell the type/module's name or that you didn't\nforget to import it:\n\n```\nuse std::collections::HashMap; // HashMap has been imported.\nlet map: HashMap<u32, u32> = HashMap::new(); // So it can be used!\n```\n\nIf you've expected to use a crate name:\n\n```compile_fail\nuse ferris_wheel::BigO;\n// error: failed to resolve: use of undeclared crate or module `ferris_wheel`\n```\n\nMake sure the crate has been added as a dependency in `Cargo.toml`.\n\nTo use a module from your current crate, add the `crate::` prefix to the path.\n"},"level":"error","spans":[{"file_name":"src/lib.rs","byte_start":2005,"byte_end":2011,"line_start":80,"line_end":80,"column_start":20,"column_end":26,"is_primary":true,"text":[{"text":"            tokio::select! {","highlight_start":20,"highlight_end":26}],"label":"could not find `select` in `tokio`","suggested_replacement":null,"suggestion_applicability":null,"expansion":null}],"children":[],"rendered":"\u001b[0m\u001b[1m\u001b[38;5;9merror[E0433]\u001b[0m\u001b[0m\u001b[1m: failed to resolve: could not find `select` in `tokio`\u001b[0m\n\u001b[0m  \u001b[0m\u001b[0m\u001b[1m\u001b[38;5;12m--> \u001b[0m\u001b[0msrc/lib.rs:80:20\u001b[0m\n\u001b[0m   \u001b[0m\u001b[0m\u001b[1m\u001b[38;5;12m|\u001b[0m\n\u001b[0m\u001b[1m\u001b[38;5;12m80\u001b[0m\u001b[0m \u001b[0m\u001b[0m\u001b[1m\u001b[38;5;12m|\u001b[0m\u001b[0m \u001b[0m\u001b[0m            tokio::select! {\u001b[0m\n\u001b[0m   \u001b[0m\u001b[0m\u001b[1m\u001b[38;5;12m| \u001b[0m\u001b[0m                   \u001b[0m\u001b[0m\u001b[1m\u001b[38;5;9m^^^^^^\u001b[0m\u001b[0m \u001b[0m\u001b[0m\u001b[1m\u001b[38;5;9mcould not find `select` in `tokio`\u001b[0m\n\n"}
{"message":"associated type `Update` not found for `Self`","code":{"code":"E0220","explanation":"The associated type used was not defined in the trait.\n\nErroneous code example:\n\n```compile_fail,E0220\ntrait T1 {\n    type Bar;\n}\n\ntype Foo = T1<F=i32>; // error: associated type `F` not found for `T1`\n\n// or:\n\ntrait T2 {\n    type Bar;\n\n    // error: Baz is used but not declared\n    fn return_bool(&self, _: &Self::Bar, _: &Self::Baz) -> bool;\n}\n```\n\nMake sure that you have defined the associated type in the trait body.\nAlso, verify that you used the right trait or you didn't misspell the\nassociated type name. Example:\n\n```\ntrait T1 {\n    type Bar;\n}\n\ntype Foo = T1<Bar=i32>; // ok!\n\n// or:\n\ntrait T2 {\n    type Bar;\n    type Baz; // we declare `Baz` in our trait.\n\n    // and now we can use it here:\n    fn return_bool(&self, _: &Self::Bar, _: &Self::Baz) -> bool;\n}\n```\n"},"level":"error","spans":[{"file_name":"src/lib.rs","byte_start":672,"byte_end":678,"line_start":32,"line_end":32,"column_start":40,"column_end":46,"is_primary":true,"text":[{"text":"        fn update(&self, update: Self::Update) -> Result<()>;","highlight_start":40,"highlight_end":46}],"label":"associated type `Update` not found","suggested_replacement":null,"suggestion_applicability":null,"expansion":null}],"children":[],"rendered":"\u001b[0m\u001b[1m\u001b[38;5;9merror[E0220]\u001b[0m\u001b[0m\u001b[1m: associated type `Update` not found for `Self`\u001b[0m\n\u001b[0m  \u001b[0m\u001b[0m\u001b[1m\u001b[38;5;12m--> \u001b[0m\u001b[0msrc/lib.rs:32:40\u001b[0m\n\u001b[0m   \u001b[0m\u001b[0m\u001b[1m\u001b[38;5;12m|\u001b[0m\n\u001b[0m\u001b[1m\u001b[38;5;12m32\u001b[0m\u001b[0m \u001b[0m\u001b[0m\u001b[1m\u001b[38;5;12m|\u001b[0m\u001b[0m \u001b[0m\u001b[0m        fn update(&self, update: Self::Update) -> Result<()>;\u001b[0m\n\u001b[0m   \u001b[0m\u001b[0m\u001b[1m\u001b[38;5;12m| \u001b[0m\u001b[0m                                       \u001b[0m\u001b[0m\u001b[1m\u001b[38;5;9m^^^^^^\u001b[0m\u001b[0m \u001b[0m\u001b[0m\u001b[1m\u001b[38;5;9massociated type `Update` not found\u001b[0m\n\n"}
{"message":"aborting due to 2 previous errors","code":null,"level":"error","spans":[],"children":[],"rendered":"\u001b[0m\u001b[1m\u001b[38;5;9merror\u001b[0m\u001b[0m\u001b[1m: aborting due to 2 previous errors\u001b[0m\n\n"}
{"message":"Some errors have detailed explanations: E0220, E0433.","code":null,"level":"failure-note","spans":[],"children":[],"rendered":"\u001b[0m\u001b[1mSome errors have detailed explanations: E0220, E0433.\u001b[0m\n"}
{"message":"For more information about an error, try `rustc --explain E0220`.","code":null,"level":"failure-note","spans":[],"children":[],"rendered":"\u001b[0m\u001b[1mFor more information about an error, try `rustc --explain E0220`.\u001b[0m\n"}
